

***********************************************************************
Fatal NI connect error 12541, connecting to:
 (DESCRIPTION=(ADDRESS=(PROTOCOL=TCP)(HOST=深度系统)(PORT=1521))(CONNECT_DATA=(SERVER=dedicated)(SERVICE_NAME=LFDB)(CID=(PROGRAM=C:\Documents and Settings\Administrator\桌面\钢厂备份\济钢\源代码\含温度预估模型与合金计算模型\LFAutomationUI\LFUI\bin\Debug\LFAutomationUI.LFUI.vshost.exe)(HOST=深度系统)(USER=Administrator))))

  VERSION INFORMATION:
	TNS for 32-bit Windows: Version 10.1.0.2.0 - Production
	Windows NT TCP/IP NT Protocol Adapter for 32-bit Windows: Version 10.1.0.2.0 - Production
  Time: 11-10月-2010 14:34:41
  Tracing not turned on.
  Tns error struct:
    ns main err code: 12541
    TNS-12541: TNS:no listener
    ns secondary err code: 12560
    nt main err code: 511
    TNS-00511: No listener
    nt secondary err code: 61
    nt OS err code: 0


***********************************************************************
Fatal NI connect error 12541, connecting to:
 (DESCRIPTION=(ADDRESS=(PROTOCOL=TCP)(HOST=WWW-933F1D95B96)(PORT=1521))(CONNECT_DATA=(SERVER=DEDICATED)(SERVICE_NAME=LFDB)(CID=(PROGRAM=E:\Projects Backup\含温度预估模型与合金计算模型\LFAutomationUI\LFUI\bin\Debug\LFAutomationUI.LFUI.exe)(HOST=WWW-933F1D95B96)(USER=Administrator))))

  VERSION INFORMATION:
	TNS for 32-bit Windows: Version 10.1.0.2.0 - Production
	Windows NT TCP/IP NT Protocol Adapter for 32-bit Windows: Version 10.1.0.2.0 - Production
  Time: 28-9月 -2011 14:36:43
  Tracing not turned on.
  Tns error struct:
    ns main err code: 12541
    TNS-12541: TNS:no listener
    ns secondary err code: 12560
    nt main err code: 511
    TNS-00511: No listener
    nt secondary err code: 61
    nt OS err code: 0


***********************************************************************
Fatal NI connect error 12514, connecting to:
 (DESCRIPTION=(ADDRESS=(PROTOCOL=TCP)(HOST=WWW-933F1D95B96)(PORT=1521))(CONNECT_DATA=(SERVER=DEDICATED)(SERVICE_NAME=LFDB)(CID=(PROGRAM=E:\Projects Backup\含温度预估模型与合金计算模型\LFAutomationUI\LFUI\bin\Debug\LFAutomationUI.LFUI.exe)(HOST=WWW-933F1D95B96)(USER=Administrator))))

  VERSION INFORMATION:
	TNS for 32-bit Windows: Version 10.1.0.2.0 - Production
	Windows NT TCP/IP NT Protocol Adapter for 32-bit Windows: Version 10.1.0.2.0 - Production
  Time: 28-9月 -2011 14:37:22
  Tracing not turned on.
  Tns error struct:
    ns main err code: 12564
    TNS-12564: TNS:connection refused
    ns secondary err code: 0
    nt main err code: 0
    nt secondary err code: 0
    nt OS err code: 0
